actionid: linters
msg: envreport
cmdargs: ['/home/eholnay/ENMaaS-Backup/ecm-tools/backup/.tox/linters/bin/python', '-m', 'pip', 'freeze']

astroid==2.0.4
bandit==1.5.1
flake8==3.5.0
flake8-colors==0.1.6
flake8-docstrings==1.3.0
flake8-import-order==0.18
flake8-polyfill==1.0.2
gitdb2==2.0.4
GitPython==2.1.11
isort==4.3.4
lazy-object-proxy==1.3.1
mccabe==0.6.1
pbr==4.2.0
pep8-naming==0.7.0
pycodestyle==2.3.1
pydocstyle==2.1.1
pyflakes==2.0.0
pylint==2.1.1
PyYAML==3.13
six==1.11.0
smmap2==2.0.4
snowballstemmer==1.2.1
stevedore==1.29.0
typed-ast==1.1.0
wrapt==1.10.11
